0 info it worked if it ends with ok
1 verbose cli [ 'D:\\PF\\node\\node.exe',
1 verbose cli   'C:\\Users\\Beone\\AppData\\Roaming\\npm\\node_modules\\npm\\bin\\npm-cli.js',
1 verbose cli   'run',
1 verbose cli   'start' ]
2 info using npm@3.10.6
3 info using node@v11.1.0
4 verbose run-script [ 'prestart', 'start', 'poststart' ]
5 info lifecycle lgql@1.0.0~prestart: lgql@1.0.0
6 silly lifecycle lgql@1.0.0~prestart: no script for prestart, continuing
7 info lifecycle lgql@1.0.0~start: lgql@1.0.0
8 verbose lifecycle lgql@1.0.0~start: unsafe-perm in lifecycle true
9 verbose lifecycle lgql@1.0.0~start: PATH: C:\Users\Beone\AppData\Roaming\npm\node_modules\npm\bin\node-gyp-bin;e:\Node\lunie\lunie-api\node_modules\.bin;C:\Users\Beone\bin;C:\Program Files\Git\mingw64\bin;C:\Program Files\Git\usr\local\bin;C:\Program Files\Git\usr\bin;C:\Program Files\Git\usr\bin;C:\Program Files\Git\cmd;C:\Program Files\Git\usr\bin;C:\Program Files\ConEmu\ConEmu\Scripts;C:\Program Files\ConEmu;C:\Program Files\ConEmu\ConEmu;C:\Program Files (x86)\Common Files\Intel\Shared Libraries\redist\intel64\compiler;C:\Program Files (x86)\Common Files\Intel\Shared Files\cpp\bin\Intel64;C:\ProgramData\Oracle\Java\javapath;C:\Program Files (x86)\NVIDIA Corporation\PhysX\Common;C:\Windows\system32;C:\Windows;C:\Windows\System32\Wbem;C:\Windows\System32\WindowsPowerShell\v1.0;C:\Program Files (x86)\Microsoft SDKs\TypeScript\1.0;C:\Program Files\Microsoft SQL Server\120\Tools\Binn;C:\Program Files\php;C:\ProgramData\ComposerSetup\bin;C:\Program Files (x86)\Skype\Phone;C:\Program Files\PuTTY;C:\Program Files (x86)\GtkSharp\2.12\bin;D:\PF\OpenNI\Bin64;E:\Orbbec\nt\nuitrack\bin;D:\PF\node;D:\pstgr\pg11\bin;C:\Program Files\Git\cmd;C:\Program Files\dotnet;C:\Program Files\Microsoft SQL Server\130\Tools\Binn;C:\Program Files\EmEditor;C:\Program Files\SourceGear\Common\DiffMerge;D:\PF\Yarn\bin;D:\GO\bin;C:\Program Files (x86)\Java\jdk1.7.0_40\bin;D:\Tools\apache-ant\bin;D:\Tools\adt\sdk\platform-tools;D:\Tools\adt\sdk\tools;C:\Users\Beone\AppData\Local\atom\bin;C:\Users\Beone\AppData\Roaming\Composer\vendor\bin;E:\Orbbec\nt\nuitrack\bin;C:\Users\Beone\AppData\Local\Programs\Microsoft VS Code\bin;C:\Users\Beone\AppData\Roaming\npm;C:\Users\Beone\AppData\Local\Yarn\bin;C:\Users\Beone\go\bin;C:\Program Files\Git\usr\bin\vendor_perl;C:\Program Files\Git\usr\bin\core_perl
10 verbose lifecycle lgql@1.0.0~start: CWD: e:\Node\lunie\lunie-api
11 silly lifecycle lgql@1.0.0~start: Args: [ '/d /s /c', 'node index.js' ]
12 silly lifecycle lgql@1.0.0~start: Returned: code: 7  signal: null
13 info lifecycle lgql@1.0.0~start: Failed to exec start script
14 verbose stack Error: lgql@1.0.0 start: `node index.js`
14 verbose stack Exit status 7
14 verbose stack     at EventEmitter.<anonymous> (C:\Users\Beone\AppData\Roaming\npm\node_modules\npm\lib\utils\lifecycle.js:255:16)
14 verbose stack     at EventEmitter.emit (events.js:182:13)
14 verbose stack     at ChildProcess.<anonymous> (C:\Users\Beone\AppData\Roaming\npm\node_modules\npm\lib\utils\spawn.js:40:14)
14 verbose stack     at ChildProcess.emit (events.js:182:13)
14 verbose stack     at maybeClose (internal/child_process.js:970:16)
14 verbose stack     at Process.ChildProcess._handle.onexit (internal/child_process.js:257:5)
15 verbose pkgid lgql@1.0.0
16 verbose cwd e:\Node\lunie\lunie-api
17 error Windows_NT 6.1.7601
18 error argv "D:\\PF\\node\\node.exe" "C:\\Users\\Beone\\AppData\\Roaming\\npm\\node_modules\\npm\\bin\\npm-cli.js" "run" "start"
19 error node v11.1.0
20 error npm  v3.10.6
21 error code ELIFECYCLE
22 error lgql@1.0.0 start: `node index.js`
22 error Exit status 7
23 error Failed at the lgql@1.0.0 start script 'node index.js'.
23 error Make sure you have the latest version of node.js and npm installed.
23 error If you do, this is most likely a problem with the lgql package,
23 error not with npm itself.
23 error Tell the author that this fails on your system:
23 error     node index.js
23 error You can get information on how to open an issue for this project with:
23 error     npm bugs lgql
23 error Or if that isn't available, you can get their info via:
23 error     npm owner ls lgql
23 error There is likely additional logging output above.
24 verbose exit [ 1, true ]
